<?xml version="1.0" encoding="UTF-8"?>
<testng-results skipped="0" failed="0" ignored="0" total="2" passed="2">
  <reporter-output>
  </reporter-output>
  <suite name="Default suite" duration-ms="39" started-at="2019-08-06T22:24:10Z" finished-at="2019-08-06T22:24:10Z">
    <groups>
    </groups>
    <test name="Default test" duration-ms="39" started-at="2019-08-06T22:24:10Z" finished-at="2019-08-06T22:24:10Z">
      <class name="api.test.MainTest">
        <test-method status="PASS" signature="ApiTest(java.lang.String, java.lang.String)[pri:0, instance:api.test.MainTest@1b604f19]" name="ApiTest" duration-ms="9" started-at="2019-08-06T22:24:10Z" data-provider="getData" finished-at="2019-08-06T22:24:10Z">
          <params>
            <param index="0">
              <value>
                <![CDATA[url1]]>
              </value>
            </param>
            <param index="1">
              <value>
                <![CDATA[url2]]>
              </value>
            </param>
          </params>
          <reporter-output>
          </reporter-output>
        </test-method> <!-- ApiTest -->
        <test-method status="PASS" signature="ApiTest(java.lang.String, java.lang.String)[pri:0, instance:api.test.MainTest@1b604f19]" name="ApiTest" duration-ms="1" started-at="2019-08-06T22:24:10Z" data-provider="getData" finished-at="2019-08-06T22:24:10Z">
          <params>
            <param index="0">
              <value>
                <![CDATA[url1]]>
              </value>
            </param>
            <param index="1">
              <value>
                <![CDATA[url22]]>
              </value>
            </param>
          </params>
          <reporter-output>
          </reporter-output>
        </test-method> <!-- ApiTest -->
      </class> <!-- api.test.MainTest -->
    </test> <!-- Default test -->
  </suite> <!-- Default suite -->
</testng-results>
